{"numTotalTestSuites":4,"numPassedTestSuites":4,"numFailedTestSuites":0,"numPendingTestSuites":0,"numTotalTests":2,"numPassedTests":2,"numFailedTests":0,"numPendingTests":0,"numTodoTests":0,"snapshot":{"added":0,"failure":false,"filesAdded":0,"filesRemoved":0,"filesRemovedList":[],"filesUnmatched":0,"filesUpdated":0,"matched":0,"total":0,"unchecked":0,"uncheckedKeysByFile":[],"unmatched":0,"updated":0,"didUpdate":false},"startTime":1781609907062,"success":true,"testResults":[{"assertionResults":[{"ancestorTitles":["auth-token-domain"],"fullName":"auth-token-domain converts auth token records into stored sessions","status":"passed","title":"converts auth token records into stored sessions","duration":1.2104999999999961,"failureMessages":[],"meta":{},"tags":[]}],"startTime":1781609908488,"endTime":1781609908489.2104,"status":"passed","message":"","name":"/Users/jiatwork/Works/yishan-mono/apps/mobile/src/features/auth/auth-token-domain.test.ts"},{"assertionResults":[{"ancestorTitles":["me-domain"],"fullName":"me-domain normalizes the current-user response into the feature-owned me shape","status":"passed","title":"normalizes the current-user response into the feature-owned me shape","duration":1.3362079999999992,"failureMessages":[],"meta":{},"tags":[]}],"startTime":1781609908488,"endTime":1781609908489.3362,"status":"passed","message":"","name":"/Users/jiatwork/Works/yishan-mono/apps/mobile/src/features/me/me-domain.test.ts"}]}