{"numTotalTestSuites":2,"numPassedTestSuites":2,"numFailedTestSuites":0,"numPendingTestSuites":0,"numTotalTests":1,"numPassedTests":1,"numFailedTests":0,"numPendingTests":0,"numTodoTests":0,"snapshot":{"added":0,"failure":false,"filesAdded":0,"filesRemoved":0,"filesRemovedList":[],"filesUnmatched":0,"filesUpdated":0,"matched":0,"total":0,"unchecked":0,"uncheckedKeysByFile":[],"unmatched":0,"updated":0,"didUpdate":false},"startTime":1781609763509,"success":true,"testResults":[{"assertionResults":[{"ancestorTitles":["me-domain"],"fullName":"me-domain normalizes the current-user response into the feature-owned me shape","status":"passed","title":"normalizes the current-user response into the feature-owned me shape","duration":1.3915839999999946,"failureMessages":[],"meta":{},"tags":[]}],"startTime":1781609764869,"endTime":1781609764870.3916,"status":"passed","message":"","name":"/Users/jiatwork/Works/yishan-mono/apps/mobile/src/features/me/me-domain.test.ts"}]}