{"numTotalTestSuites":2,"numPassedTestSuites":2,"numFailedTestSuites":0,"numPendingTestSuites":0,"numTotalTests":2,"numPassedTests":2,"numFailedTests":0,"numPendingTests":0,"numTodoTests":0,"snapshot":{"added":0,"failure":false,"filesAdded":0,"filesRemoved":0,"filesRemovedList":[],"filesUnmatched":0,"filesUpdated":0,"matched":0,"total":0,"unchecked":0,"uncheckedKeysByFile":[],"unmatched":0,"updated":0,"didUpdate":false},"startTime":1781611877578,"success":true,"testResults":[{"assertionResults":[{"ancestorTitles":["shell-workspace-tree"],"fullName":"shell-workspace-tree projects workspaces by node while preserving node order","status":"passed","title":"projects workspaces by node while preserving node order","duration":1.599250000000012,"failureMessages":[],"meta":{},"tags":[]},{"ancestorTitles":["shell-workspace-tree"],"fullName":"shell-workspace-tree projects workspaces by project while grouping each node once","status":"passed","title":"projects workspaces by project while grouping each node once","duration":1.0716659999999933,"failureMessages":[],"meta":{},"tags":[]}],"startTime":1781611878914,"endTime":1781611878917.0718,"status":"passed","message":"","name":"/Users/jiatwork/Works/yishan-mono/apps/mobile/src/features/shell/state/shell-workspace-tree.test.ts"}]}