{"numTotalTestSuites":2,"numPassedTestSuites":2,"numFailedTestSuites":0,"numPendingTestSuites":0,"numTotalTests":4,"numPassedTests":4,"numFailedTests":0,"numPendingTests":0,"numTodoTests":0,"snapshot":{"added":0,"failure":false,"filesAdded":0,"filesRemoved":0,"filesRemovedList":[],"filesUnmatched":0,"filesUpdated":0,"matched":0,"total":0,"unchecked":0,"uncheckedKeysByFile":[],"unmatched":0,"updated":0,"didUpdate":false},"startTime":1781611257331,"success":true,"testResults":[{"assertionResults":[{"ancestorTitles":["workspace-query-runtime"],"fullName":"workspace-query-runtime accepts project-level and workspace-level query contexts","status":"passed","title":"accepts project-level and workspace-level query contexts","duration":1.1216660000000047,"failureMessages":[],"meta":{},"tags":[]},{"ancestorTitles":["workspace-query-runtime"],"fullName":"workspace-query-runtime treats only non-empty trimmed paths as valid file/diff targets","status":"passed","title":"treats only non-empty trimmed paths as valid file/diff targets","duration":0.17995799999999917,"failureMessages":[],"meta":{},"tags":[]},{"ancestorTitles":["workspace-query-runtime"],"fullName":"workspace-query-runtime shares one enabled gate across workspace queries","status":"passed","title":"shares one enabled gate across workspace queries","duration":0.10183299999999917,"failureMessages":[],"meta":{},"tags":[]},{"ancestorTitles":["workspace-query-runtime"],"fullName":"workspace-query-runtime throws a consistent missing-token error when a query function runs without auth","status":"passed","title":"throws a consistent missing-token error when a query function runs without auth","duration":0.47979100000000585,"failureMessages":[],"meta":{},"tags":[]}],"startTime":1781611258686,"endTime":1781611258687.4797,"status":"passed","message":"","name":"/Users/jiatwork/Works/yishan-mono/apps/mobile/src/features/workspaces/queries/workspace-query-runtime.test.ts"}]}