{"numTotalTestSuites":2,"numPassedTestSuites":2,"numFailedTestSuites":0,"numPendingTestSuites":0,"numTotalTests":3,"numPassedTests":3,"numFailedTests":0,"numPendingTests":0,"numTodoTests":0,"snapshot":{"added":0,"failure":false,"filesAdded":0,"filesRemoved":0,"filesRemovedList":[],"filesUnmatched":0,"filesUpdated":0,"matched":0,"total":0,"unchecked":0,"uncheckedKeysByFile":[],"unmatched":0,"updated":0,"didUpdate":false},"startTime":1781610335875,"success":true,"testResults":[{"assertionResults":[{"ancestorTitles":["workspaces-api-domain"],"fullName":"workspaces-api-domain unwraps workspace collection and single-workspace responses","status":"passed","title":"unwraps workspace collection and single-workspace responses","duration":1.5824580000000026,"failureMessages":[],"meta":{},"tags":[]},{"ancestorTitles":["workspaces-api-domain"],"fullName":"workspaces-api-domain unwraps current pull request and started session payloads","status":"passed","title":"unwraps current pull request and started session payloads","duration":0.21120799999999917,"failureMessages":[],"meta":{},"tags":[]},{"ancestorTitles":["workspaces-api-domain"],"fullName":"workspaces-api-domain builds websocket urls from the configured api base url","status":"passed","title":"builds websocket urls from the configured api base url","duration":0.2032920000000047,"failureMessages":[],"meta":{},"tags":[]}],"startTime":1781610337222,"endTime":1781610337224.2112,"status":"passed","message":"","name":"/Users/jiatwork/Works/yishan-mono/apps/mobile/src/features/workspaces/workspaces-api-domain.test.ts"}]}